<?xml version="1.0" encoding="UTF-8"?>
<!-- Generated by org.testng.reporters.JUnitReportReporter -->
<testsuite skipped="0" hostname="DESKTOP-A15AP0F" name="com.Salesforce.testCases.LoginPageTest" tests="3" failures="0" timestamp="2021-05-27T19:47:24 IST" time="67.949" errors="0">
  <testcase name="validateTitleOfLoginPage" time="16.584" classname="com.Salesforce.testCases.LoginPageTest"/>
  <system-out/>
  <testcase name="validateLoginPage" time="32.933" classname="com.Salesforce.testCases.LoginPageTest"/>
  <system-out/>
  <testcase name="loginApplication" time="18.432" classname="com.Salesforce.testCases.LoginPageTest"/>
  <system-out/>
</testsuite> <!-- com.Salesforce.testCases.LoginPageTest -->
